==============================================================
[AUTORUN] Launch @ Sun 19 Oct 2025 11:25:20 PM EDT
BASE=/home/pmonize/AIQ_POURS/tie-breaker
==============================================================
[PHASE 1] Sentinel check →
--------------------------------------------------------------
[INFO] Gold Sentinel Launch @ Sun 19 Oct 2025 11:25:20 PM EDT
Target: /home/pmonize/AIQ_POURS/tie-breaker
--------------------------------------------------------------
[GIT] Preparing commit...
[GIT] Commit recorded.
[GIT] Attempting push to origin/main...
[GIT] Push successful ✅
[INFO] Gold Sentinel completed → ✅ PASS
--------------------------------------------------------------
[PHASE 2] Telemetry digest →
--------------------------------------------------------------
[TELEMETRY] Gold Mesh Telemetry start @ Sun 19 Oct 2025 11:25:21 PM EDT
Base: /home/pmonize/AIQ_POURS/tie-breaker
--------------------------------------------------------------
