--------------------------------------------------------------
[GUARD] Gold Mesh Guard start @ Sun 19 Oct 2025 09:49:57 PM EDT
Local:  /home/pmonize/AIQ_POURS/tie-breaker
Remote: pmonize@motherbox:/home/pmonize/tie-breaker
--------------------------------------------------------------
[STEP] Request remote manifest (no writes)
[REMOTE] Manifest path: /home/pmonize/tie-breaker/logs/manifest_remote_20251019_214957.txt
[STEP] Generate local manifest
/home/pmonize/AIQ_POURS/tie-breaker/logs/manifest_local_20251019_214957.txt
[LOCAL] Manifest path: /home/pmonize/AIQ_POURS/tie-breaker/logs/manifest_local_20251019_214957.txt
[STEP] Diff manifests
diff: /home/pmonize/AIQ_POURS/tie-breaker/logs/manifest_remote_20251019_214957.txt: No such file or directory
[GUARD] Drift detected ⚠️
Differences logged at: /home/pmonize/AIQ_POURS/tie-breaker/logs/manifest_diff_20251019_214957.patch
[ACTION] Pushing local → remote
sending incremental file list

sent 1,035 bytes  received 24 bytes  2,118.00 bytes/sec
total size is 21,722  speedup is 20.51
[STEP] Re-manifest both sides
/home/pmonize/tie-breaker/logs/manifest_remote_post_20251019_214957.txt
/home/pmonize/AIQ_POURS/tie-breaker/logs/manifest_local_post_20251019_214957.txt
